<?xml version="1.0" encoding="UTF-8"?>
<!-- Generated by org.testng.reporters.JUnitReportReporter -->
<testsuite hostname="DESKTOP-HEOVU1M" name="home.test.site.Untitled" tests="1" failures="0" timestamp="9 Nov 2016 22:37:06 GMT" time="0.005" errors="0">
  <testcase name="testUntitled" time="0.005" classname="home.test.site.Untitled"/>
</testsuite> <!-- home.test.site.Untitled -->
