<?xml version="1.0" encoding="UTF-8"?>
<!-- Generated by org.testng.reporters.JUnitReportReporter -->
<testsuite hostname="DESKTOP-HEOVU1M" name="home.test.site1.OpenSiteInMozila" tests="1" failures="0" timestamp="10 Nov 2016 10:16:32 GMT" time="9.456" errors="0">
  <testcase name="test1" time="9.456" classname="home.test.site1.OpenSiteInMozila"/>
</testsuite> <!-- home.test.site1.OpenSiteInMozila -->
