<?xml version="1.0" encoding="UTF-8"?>
<!-- Generated by org.testng.reporters.JUnitReportReporter -->
<testsuite hostname="DESKTOP-HEOVU1M" name="home.test.site.OpenSiteInFox" tests="1" failures="0" timestamp="9 Nov 2016 09:37:37 GMT" time="10.571" errors="0">
  <testcase name="test1" time="10.571" classname="home.test.site.OpenSiteInFox"/>
</testsuite> <!-- home.test.site.OpenSiteInFox -->
